The system is: Darwin - 17.4.0 - x86_64
Compiling the C compiler identification source file "CMakeCCompilerId.c" succeeded.
Compiler: /usr/local/bin/gcc-7 
Build flags: 
Id flags:  

The output was:
0


Compilation of the C compiler identification source "CMakeCCompilerId.c" produced "a.out"

The C compiler identification is GNU, found in "/Users/lantian/Projects/Insouled_ChibiOS/cmake-build-debug/CMakeFiles/3.9.6/CompilerIdC/a.out"

Compiling the CXX compiler identification source file "CMakeCXXCompilerId.cpp" succeeded.
Compiler: /usr/local/bin/g++-7 
Build flags: 
Id flags:  

The output was:
0


Compilation of the CXX compiler identification source "CMakeCXXCompilerId.cpp" produced "a.out"

The CXX compiler identification is GNU, found in "/Users/lantian/Projects/Insouled_ChibiOS/cmake-build-debug/CMakeFiles/3.9.6/CompilerIdCXX/a.out"

Determining if the C compiler works passed with the following output:
Change Dir: /Users/lantian/Projects/Insouled_ChibiOS/cmake-build-debug/CMakeFiles/CMakeTmp

Run Build Command:"/usr/bin/make" "cmTC_797e4/fast"
/Library/Developer/CommandLineTools/usr/bin/make -f CMakeFiles/cmTC_797e4.dir/build.make CMakeFiles/cmTC_797e4.dir/build
Building C object CMakeFiles/cmTC_797e4.dir/testCCompiler.c.o
/usr/local/bin/gcc-7    -o CMakeFiles/cmTC_797e4.dir/testCCompiler.c.o   -c /Users/lantian/Projects/Insouled_ChibiOS/cmake-build-debug/CMakeFiles/CMakeTmp/testCCompiler.c
Linking C executable cmTC_797e4
/Applications/CLion.app/Contents/bin/cmake/bin/cmake -E cmake_link_script CMakeFiles/cmTC_797e4.dir/link.txt --verbose=1
/usr/local/bin/gcc-7   -Wl,-search_paths_first -Wl,-headerpad_max_install_names   CMakeFiles/cmTC_797e4.dir/testCCompiler.c.o  -o cmTC_797e4 


Detecting C compiler ABI info compiled with the following output:
Change Dir: /Users/lantian/Projects/Insouled_ChibiOS/cmake-build-debug/CMakeFiles/CMakeTmp

Run Build Command:"/usr/bin/make" "cmTC_70de4/fast"
/Library/Developer/CommandLineTools/usr/bin/make -f CMakeFiles/cmTC_70de4.dir/build.make CMakeFiles/cmTC_70de4.dir/build
Building C object CMakeFiles/cmTC_70de4.dir/CMakeCCompilerABI.c.o
/usr/local/bin/gcc-7    -o CMakeFiles/cmTC_70de4.dir/CMakeCCompilerABI.c.o   -c /Applications/CLion.app/Contents/bin/cmake/share/cmake-3.9/Modules/CMakeCCompilerABI.c
Linking C executable cmTC_70de4
/Applications/CLion.app/Contents/bin/cmake/bin/cmake -E cmake_link_script CMakeFiles/cmTC_70de4.dir/link.txt --verbose=1
/usr/local/bin/gcc-7   -Wl,-search_paths_first -Wl,-headerpad_max_install_names  -v -Wl,-v CMakeFiles/cmTC_70de4.dir/CMakeCCompilerABI.c.o  -o cmTC_70de4 
Using built-in specs.
COLLECT_GCC=/usr/local/bin/gcc-7
COLLECT_LTO_WRAPPER=/usr/local/Cellar/gcc/7.3.0/libexec/gcc/x86_64-apple-darwin17.3.0/7.3.0/lto-wrapper
Target: x86_64-apple-darwin17.3.0
Configured with: ../configure --build=x86_64-apple-darwin17.3.0 --prefix=/usr/local/Cellar/gcc/7.3.0 --libdir=/usr/local/Cellar/gcc/7.3.0/lib/gcc/7 --enable-languages=c,c++,objc,obj-c++,fortran --program-suffix=-7 --with-gmp=/usr/local/opt/gmp --with-mpfr=/usr/local/opt/mpfr --with-mpc=/usr/local/opt/libmpc --with-isl=/usr/local/opt/isl --with-system-zlib --enable-checking=release --with-pkgversion='Homebrew GCC 7.3.0' --with-bugurl=https://github.com/Homebrew/homebrew-core/issues --disable-nls
Thread model: posix
gcc version 7.3.0 (Homebrew GCC 7.3.0) 
COMPILER_PATH=/usr/local/Cellar/gcc/7.3.0/libexec/gcc/x86_64-apple-darwin17.3.0/7.3.0/:/usr/local/Cellar/gcc/7.3.0/libexec/gcc/x86_64-apple-darwin17.3.0/7.3.0/:/usr/local/Cellar/gcc/7.3.0/libexec/gcc/x86_64-apple-darwin17.3.0/:/usr/local/Cellar/gcc/7.3.0/lib/gcc/7/gcc/x86_64-apple-darwin17.3.0/7.3.0/:/usr/local/Cellar/gcc/7.3.0/lib/gcc/7/gcc/x86_64-apple-darwin17.3.0/
LIBRARY_PATH=/usr/local/Cellar/gcc/7.3.0/lib/gcc/7/gcc/x86_64-apple-darwin17.3.0/7.3.0/:/usr/local/Cellar/gcc/7.3.0/lib/gcc/7/gcc/x86_64-apple-darwin17.3.0/7.3.0/../../../
COLLECT_GCC_OPTIONS='-v' '-o' 'cmTC_70de4' '-mmacosx-version-min=10.13.4' '-asm_macosx_version_min=10.13' '-mtune=core2'
 /usr/local/Cellar/gcc/7.3.0/libexec/gcc/x86_64-apple-darwin17.3.0/7.3.0/collect2 -dynamic -arch x86_64 -macosx_version_min 10.13.4 -weak_reference_mismatches non-weak -o cmTC_70de4 -L/usr/local/Cellar/gcc/7.3.0/lib/gcc/7/gcc/x86_64-apple-darwin17.3.0/7.3.0 -L/usr/local/Cellar/gcc/7.3.0/lib/gcc/7/gcc/x86_64-apple-darwin17.3.0/7.3.0/../../.. -search_paths_first -headerpad_max_install_names -v CMakeFiles/cmTC_70de4.dir/CMakeCCompilerABI.c.o -no_compact_unwind -lSystem -lgcc_ext.10.5 -lgcc -lSystem -v
collect2 version 7.3.0
/usr/bin/ld -dynamic -arch x86_64 -macosx_version_min 10.13.4 -weak_reference_mismatches non-weak -o cmTC_70de4 -L/usr/local/Cellar/gcc/7.3.0/lib/gcc/7/gcc/x86_64-apple-darwin17.3.0/7.3.0 -L/usr/local/Cellar/gcc/7.3.0/lib/gcc/7/gcc/x86_64-apple-darwin17.3.0/7.3.0/../../.. -search_paths_first -headerpad_max_install_names -v CMakeFiles/cmTC_70de4.dir/CMakeCCompilerABI.c.o -no_compact_unwind -lSystem -lgcc_ext.10.5 -lgcc -lSystem -v
@(#)PROGRAM:ld  PROJECT:ld64-305
configured to support archs: armv6 armv7 armv7s arm64 i386 x86_64 x86_64h armv6m armv7k armv7m armv7em (tvOS)
@(#)PROGRAM:ld  PROJECT:ld64-305
configured to support archs: armv6 armv7 armv7s arm64 i386 x86_64 x86_64h armv6m armv7k armv7m armv7em (tvOS)
Library search paths:
	/usr/local/Cellar/gcc/7.3.0/lib/gcc/7/gcc/x86_64-apple-darwin17.3.0/7.3.0
	/usr/local/Cellar/gcc/7.3.0/lib/gcc/7
	/usr/lib
	/usr/local/lib
Framework search paths:
	/Library/Frameworks/
	/System/Library/Frameworks/
 /usr/bin/nm -n CMakeFiles/cmTC_70de4.dir/CMakeCCompilerABI.c.o


Parsed C implicit link information from above output:
  link line regex: [^( *|.*[/\])(ld|CMAKE_LINK_STARTFILE-NOTFOUND|([^/\]+-)?ld|collect2)[^/\]*( |$)]
  ignore line: [Change Dir: /Users/lantian/Projects/Insouled_ChibiOS/cmake-build-debug/CMakeFiles/CMakeTmp]
  ignore line: []
  ignore line: [Run Build Command:"/usr/bin/make" "cmTC_70de4/fast"]
  ignore line: [/Library/Developer/CommandLineTools/usr/bin/make -f CMakeFiles/cmTC_70de4.dir/build.make CMakeFiles/cmTC_70de4.dir/build]
  ignore line: [Building C object CMakeFiles/cmTC_70de4.dir/CMakeCCompilerABI.c.o]
  ignore line: [/usr/local/bin/gcc-7    -o CMakeFiles/cmTC_70de4.dir/CMakeCCompilerABI.c.o   -c /Applications/CLion.app/Contents/bin/cmake/share/cmake-3.9/Modules/CMakeCCompilerABI.c]
  ignore line: [Linking C executable cmTC_70de4]
  ignore line: [/Applications/CLion.app/Contents/bin/cmake/bin/cmake -E cmake_link_script CMakeFiles/cmTC_70de4.dir/link.txt --verbose=1]
  ignore line: [/usr/local/bin/gcc-7   -Wl,-search_paths_first -Wl,-headerpad_max_install_names  -v -Wl,-v CMakeFiles/cmTC_70de4.dir/CMakeCCompilerABI.c.o  -o cmTC_70de4 ]
  ignore line: [Using built-in specs.]
  ignore line: [COLLECT_GCC=/usr/local/bin/gcc-7]
  ignore line: [COLLECT_LTO_WRAPPER=/usr/local/Cellar/gcc/7.3.0/libexec/gcc/x86_64-apple-darwin17.3.0/7.3.0/lto-wrapper]
  ignore line: [Target: x86_64-apple-darwin17.3.0]
  ignore line: [Configured with: ../configure --build=x86_64-apple-darwin17.3.0 --prefix=/usr/local/Cellar/gcc/7.3.0 --libdir=/usr/local/Cellar/gcc/7.3.0/lib/gcc/7 --enable-languages=c,c++,objc,obj-c++,fortran --program-suffix=-7 --with-gmp=/usr/local/opt/gmp --with-mpfr=/usr/local/opt/mpfr --with-mpc=/usr/local/opt/libmpc --with-isl=/usr/local/opt/isl --with-system-zlib --enable-checking=release --with-pkgversion='Homebrew GCC 7.3.0' --with-bugurl=https://github.com/Homebrew/homebrew-core/issues --disable-nls]
  ignore line: [Thread model: posix]
  ignore line: [gcc version 7.3.0 (Homebrew GCC 7.3.0) ]
  ignore line: [COMPILER_PATH=/usr/local/Cellar/gcc/7.3.0/libexec/gcc/x86_64-apple-darwin17.3.0/7.3.0/:/usr/local/Cellar/gcc/7.3.0/libexec/gcc/x86_64-apple-darwin17.3.0/7.3.0/:/usr/local/Cellar/gcc/7.3.0/libexec/gcc/x86_64-apple-darwin17.3.0/:/usr/local/Cellar/gcc/7.3.0/lib/gcc/7/gcc/x86_64-apple-darwin17.3.0/7.3.0/:/usr/local/Cellar/gcc/7.3.0/lib/gcc/7/gcc/x86_64-apple-darwin17.3.0/]
  ignore line: [LIBRARY_PATH=/usr/local/Cellar/gcc/7.3.0/lib/gcc/7/gcc/x86_64-apple-darwin17.3.0/7.3.0/:/usr/local/Cellar/gcc/7.3.0/lib/gcc/7/gcc/x86_64-apple-darwin17.3.0/7.3.0/../../../]
  ignore line: [COLLECT_GCC_OPTIONS='-v' '-o' 'cmTC_70de4' '-mmacosx-version-min=10.13.4' '-asm_macosx_version_min=10.13' '-mtune=core2']
  link line: [ /usr/local/Cellar/gcc/7.3.0/libexec/gcc/x86_64-apple-darwin17.3.0/7.3.0/collect2 -dynamic -arch x86_64 -macosx_version_min 10.13.4 -weak_reference_mismatches non-weak -o cmTC_70de4 -L/usr/local/Cellar/gcc/7.3.0/lib/gcc/7/gcc/x86_64-apple-darwin17.3.0/7.3.0 -L/usr/local/Cellar/gcc/7.3.0/lib/gcc/7/gcc/x86_64-apple-darwin17.3.0/7.3.0/../../.. -search_paths_first -headerpad_max_install_names -v CMakeFiles/cmTC_70de4.dir/CMakeCCompilerABI.c.o -no_compact_unwind -lSystem -lgcc_ext.10.5 -lgcc -lSystem -v]
    arg [/usr/local/Cellar/gcc/7.3.0/libexec/gcc/x86_64-apple-darwin17.3.0/7.3.0/collect2] ==> ignore
    arg [-dynamic] ==> ignore
    arg [-arch] ==> ignore
    arg [x86_64] ==> ignore
    arg [-macosx_version_min] ==> ignore
    arg [10.13.4] ==> ignore
    arg [-weak_reference_mismatches] ==> ignore
    arg [non-weak] ==> ignore
    arg [-o] ==> ignore
    arg [cmTC_70de4] ==> ignore
    arg [-L/usr/local/Cellar/gcc/7.3.0/lib/gcc/7/gcc/x86_64-apple-darwin17.3.0/7.3.0] ==> dir [/usr/local/Cellar/gcc/7.3.0/lib/gcc/7/gcc/x86_64-apple-darwin17.3.0/7.3.0]
    arg [-L/usr/local/Cellar/gcc/7.3.0/lib/gcc/7/gcc/x86_64-apple-darwin17.3.0/7.3.0/../../..] ==> dir [/usr/local/Cellar/gcc/7.3.0/lib/gcc/7/gcc/x86_64-apple-darwin17.3.0/7.3.0/../../..]
    arg [-search_paths_first] ==> ignore
    arg [-headerpad_max_install_names] ==> ignore
    arg [-v] ==> ignore
    arg [CMakeFiles/cmTC_70de4.dir/CMakeCCompilerABI.c.o] ==> ignore
    arg [-no_compact_unwind] ==> ignore
    arg [-lSystem] ==> lib [System]
    arg [-lgcc_ext.10.5] ==> lib [gcc_ext.10.5]
    arg [-lgcc] ==> lib [gcc]
    arg [-lSystem] ==> lib [System]
    arg [-v] ==> ignore
  Library search paths: [;/usr/local/Cellar/gcc/7.3.0/lib/gcc/7/gcc/x86_64-apple-darwin17.3.0/7.3.0;/usr/local/Cellar/gcc/7.3.0/lib/gcc/7;/usr/lib;/usr/local/lib]
  Framework search paths: [;/Library/Frameworks/;/System/Library/Frameworks/]
  remove lib [System]
  remove lib [System]
  collapse library dir [/usr/local/Cellar/gcc/7.3.0/lib/gcc/7/gcc/x86_64-apple-darwin17.3.0/7.3.0] ==> [/usr/local/Cellar/gcc/7.3.0/lib/gcc/7/gcc/x86_64-apple-darwin17.3.0/7.3.0]
  collapse library dir [/usr/local/Cellar/gcc/7.3.0/lib/gcc/7/gcc/x86_64-apple-darwin17.3.0/7.3.0/../../..] ==> [/usr/local/Cellar/gcc/7.3.0/lib/gcc/7]
  collapse library dir [/usr/local/Cellar/gcc/7.3.0/lib/gcc/7/gcc/x86_64-apple-darwin17.3.0/7.3.0] ==> [/usr/local/Cellar/gcc/7.3.0/lib/gcc/7/gcc/x86_64-apple-darwin17.3.0/7.3.0]
  collapse library dir [/usr/local/Cellar/gcc/7.3.0/lib/gcc/7] ==> [/usr/local/Cellar/gcc/7.3.0/lib/gcc/7]
  collapse library dir [/usr/lib] ==> [/usr/lib]
  collapse library dir [/usr/local/lib] ==> [/usr/local/lib]
  collapse framework dir [/Library/Frameworks/] ==> [/Library/Frameworks]
  collapse framework dir [/System/Library/Frameworks/] ==> [/System/Library/Frameworks]
  implicit libs: [gcc_ext.10.5;gcc]
  implicit dirs: [/usr/local/Cellar/gcc/7.3.0/lib/gcc/7/gcc/x86_64-apple-darwin17.3.0/7.3.0;/usr/local/Cellar/gcc/7.3.0/lib/gcc/7;/usr/lib;/usr/local/lib]
  implicit fwks: [/Library/Frameworks;/System/Library/Frameworks]




Detecting C [-std=c11] compiler features compiled with the following output:
Change Dir: /Users/lantian/Projects/Insouled_ChibiOS/cmake-build-debug/CMakeFiles/CMakeTmp

Run Build Command:"/usr/bin/make" "cmTC_552f9/fast"
/Library/Developer/CommandLineTools/usr/bin/make -f CMakeFiles/cmTC_552f9.dir/build.make CMakeFiles/cmTC_552f9.dir/build
Building C object CMakeFiles/cmTC_552f9.dir/feature_tests.c.o
/usr/local/bin/gcc-7   -std=c11 -o CMakeFiles/cmTC_552f9.dir/feature_tests.c.o   -c /Users/lantian/Projects/Insouled_ChibiOS/cmake-build-debug/CMakeFiles/feature_tests.c
Linking C executable cmTC_552f9
/Applications/CLion.app/Contents/bin/cmake/bin/cmake -E cmake_link_script CMakeFiles/cmTC_552f9.dir/link.txt --verbose=1
/usr/local/bin/gcc-7   -Wl,-search_paths_first -Wl,-headerpad_max_install_names   CMakeFiles/cmTC_552f9.dir/feature_tests.c.o  -o cmTC_552f9 


    Feature record: C_FEATURE:1c_function_prototypes
    Feature record: C_FEATURE:1c_restrict
    Feature record: C_FEATURE:1c_static_assert
    Feature record: C_FEATURE:1c_variadic_macros


Detecting C [-std=c99] compiler features compiled with the following output:
Change Dir: /Users/lantian/Projects/Insouled_ChibiOS/cmake-build-debug/CMakeFiles/CMakeTmp

Run Build Command:"/usr/bin/make" "cmTC_edbaf/fast"
/Library/Developer/CommandLineTools/usr/bin/make -f CMakeFiles/cmTC_edbaf.dir/build.make CMakeFiles/cmTC_edbaf.dir/build
Building C object CMakeFiles/cmTC_edbaf.dir/feature_tests.c.o
/usr/local/bin/gcc-7   -std=c99 -o CMakeFiles/cmTC_edbaf.dir/feature_tests.c.o   -c /Users/lantian/Projects/Insouled_ChibiOS/cmake-build-debug/CMakeFiles/feature_tests.c
Linking C executable cmTC_edbaf
/Applications/CLion.app/Contents/bin/cmake/bin/cmake -E cmake_link_script CMakeFiles/cmTC_edbaf.dir/link.txt --verbose=1
/usr/local/bin/gcc-7   -Wl,-search_paths_first -Wl,-headerpad_max_install_names   CMakeFiles/cmTC_edbaf.dir/feature_tests.c.o  -o cmTC_edbaf 


    Feature record: C_FEATURE:1c_function_prototypes
    Feature record: C_FEATURE:1c_restrict
    Feature record: C_FEATURE:0c_static_assert
    Feature record: C_FEATURE:1c_variadic_macros


Detecting C [-std=c90] compiler features compiled with the following output:
Change Dir: /Users/lantian/Projects/Insouled_ChibiOS/cmake-build-debug/CMakeFiles/CMakeTmp

Run Build Command:"/usr/bin/make" "cmTC_ab754/fast"
/Library/Developer/CommandLineTools/usr/bin/make -f CMakeFiles/cmTC_ab754.dir/build.make CMakeFiles/cmTC_ab754.dir/build
Building C object CMakeFiles/cmTC_ab754.dir/feature_tests.c.o
/usr/local/bin/gcc-7   -std=c90 -o CMakeFiles/cmTC_ab754.dir/feature_tests.c.o   -c /Users/lantian/Projects/Insouled_ChibiOS/cmake-build-debug/CMakeFiles/feature_tests.c
Linking C executable cmTC_ab754
/Applications/CLion.app/Contents/bin/cmake/bin/cmake -E cmake_link_script CMakeFiles/cmTC_ab754.dir/link.txt --verbose=1
/usr/local/bin/gcc-7   -Wl,-search_paths_first -Wl,-headerpad_max_install_names   CMakeFiles/cmTC_ab754.dir/feature_tests.c.o  -o cmTC_ab754 


    Feature record: C_FEATURE:1c_function_prototypes
    Feature record: C_FEATURE:0c_restrict
    Feature record: C_FEATURE:0c_static_assert
    Feature record: C_FEATURE:0c_variadic_macros
Determining if the CXX compiler works passed with the following output:
Change Dir: /Users/lantian/Projects/Insouled_ChibiOS/cmake-build-debug/CMakeFiles/CMakeTmp

Run Build Command:"/usr/bin/make" "cmTC_f92ab/fast"
/Library/Developer/CommandLineTools/usr/bin/make -f CMakeFiles/cmTC_f92ab.dir/build.make CMakeFiles/cmTC_f92ab.dir/build
Building CXX object CMakeFiles/cmTC_f92ab.dir/testCXXCompiler.cxx.o
/usr/local/bin/g++-7    -std=gnu++11 -o CMakeFiles/cmTC_f92ab.dir/testCXXCompiler.cxx.o -c /Users/lantian/Projects/Insouled_ChibiOS/cmake-build-debug/CMakeFiles/CMakeTmp/testCXXCompiler.cxx
Linking CXX executable cmTC_f92ab
/Applications/CLion.app/Contents/bin/cmake/bin/cmake -E cmake_link_script CMakeFiles/cmTC_f92ab.dir/link.txt --verbose=1
/usr/local/bin/g++-7    -Wl,-search_paths_first -Wl,-headerpad_max_install_names   CMakeFiles/cmTC_f92ab.dir/testCXXCompiler.cxx.o  -o cmTC_f92ab 


Detecting CXX compiler ABI info compiled with the following output:
Change Dir: /Users/lantian/Projects/Insouled_ChibiOS/cmake-build-debug/CMakeFiles/CMakeTmp

Run Build Command:"/usr/bin/make" "cmTC_2862c/fast"
/Library/Developer/CommandLineTools/usr/bin/make -f CMakeFiles/cmTC_2862c.dir/build.make CMakeFiles/cmTC_2862c.dir/build
Building CXX object CMakeFiles/cmTC_2862c.dir/CMakeCXXCompilerABI.cpp.o
/usr/local/bin/g++-7    -std=gnu++11 -o CMakeFiles/cmTC_2862c.dir/CMakeCXXCompilerABI.cpp.o -c /Applications/CLion.app/Contents/bin/cmake/share/cmake-3.9/Modules/CMakeCXXCompilerABI.cpp
Linking CXX executable cmTC_2862c
/Applications/CLion.app/Contents/bin/cmake/bin/cmake -E cmake_link_script CMakeFiles/cmTC_2862c.dir/link.txt --verbose=1
/usr/local/bin/g++-7    -Wl,-search_paths_first -Wl,-headerpad_max_install_names  -v -Wl,-v CMakeFiles/cmTC_2862c.dir/CMakeCXXCompilerABI.cpp.o  -o cmTC_2862c 
Using built-in specs.
COLLECT_GCC=/usr/local/bin/g++-7
COLLECT_LTO_WRAPPER=/usr/local/Cellar/gcc/7.3.0/libexec/gcc/x86_64-apple-darwin17.3.0/7.3.0/lto-wrapper
Target: x86_64-apple-darwin17.3.0
Configured with: ../configure --build=x86_64-apple-darwin17.3.0 --prefix=/usr/local/Cellar/gcc/7.3.0 --libdir=/usr/local/Cellar/gcc/7.3.0/lib/gcc/7 --enable-languages=c,c++,objc,obj-c++,fortran --program-suffix=-7 --with-gmp=/usr/local/opt/gmp --with-mpfr=/usr/local/opt/mpfr --with-mpc=/usr/local/opt/libmpc --with-isl=/usr/local/opt/isl --with-system-zlib --enable-checking=release --with-pkgversion='Homebrew GCC 7.3.0' --with-bugurl=https://github.com/Homebrew/homebrew-core/issues --disable-nls
Thread model: posix
gcc version 7.3.0 (Homebrew GCC 7.3.0) 
COMPILER_PATH=/usr/local/Cellar/gcc/7.3.0/libexec/gcc/x86_64-apple-darwin17.3.0/7.3.0/:/usr/local/Cellar/gcc/7.3.0/libexec/gcc/x86_64-apple-darwin17.3.0/7.3.0/:/usr/local/Cellar/gcc/7.3.0/libexec/gcc/x86_64-apple-darwin17.3.0/:/usr/local/Cellar/gcc/7.3.0/lib/gcc/7/gcc/x86_64-apple-darwin17.3.0/7.3.0/:/usr/local/Cellar/gcc/7.3.0/lib/gcc/7/gcc/x86_64-apple-darwin17.3.0/
LIBRARY_PATH=/usr/local/Cellar/gcc/7.3.0/lib/gcc/7/gcc/x86_64-apple-darwin17.3.0/7.3.0/:/usr/local/Cellar/gcc/7.3.0/lib/gcc/7/gcc/x86_64-apple-darwin17.3.0/7.3.0/../../../
COLLECT_GCC_OPTIONS='-v' '-o' 'cmTC_2862c' '-mmacosx-version-min=10.13.4' '-asm_macosx_version_min=10.13' '-shared-libgcc' '-mtune=core2'
 /usr/local/Cellar/gcc/7.3.0/libexec/gcc/x86_64-apple-darwin17.3.0/7.3.0/collect2 -dynamic -arch x86_64 -macosx_version_min 10.13.4 -weak_reference_mismatches non-weak -o cmTC_2862c -L/usr/local/Cellar/gcc/7.3.0/lib/gcc/7/gcc/x86_64-apple-darwin17.3.0/7.3.0 -L/usr/local/Cellar/gcc/7.3.0/lib/gcc/7/gcc/x86_64-apple-darwin17.3.0/7.3.0/../../.. -search_paths_first -headerpad_max_install_names -v CMakeFiles/cmTC_2862c.dir/CMakeCXXCompilerABI.cpp.o -lstdc++ -no_compact_unwind -lSystem -lgcc_ext.10.5 -lgcc -lSystem -v
collect2 version 7.3.0
/usr/bin/ld -dynamic -arch x86_64 -macosx_version_min 10.13.4 -weak_reference_mismatches non-weak -o cmTC_2862c -L/usr/local/Cellar/gcc/7.3.0/lib/gcc/7/gcc/x86_64-apple-darwin17.3.0/7.3.0 -L/usr/local/Cellar/gcc/7.3.0/lib/gcc/7/gcc/x86_64-apple-darwin17.3.0/7.3.0/../../.. -search_paths_first -headerpad_max_install_names -v CMakeFiles/cmTC_2862c.dir/CMakeCXXCompilerABI.cpp.o -lstdc++ -no_compact_unwind -lSystem -lgcc_ext.10.5 -lgcc -lSystem -v
@(#)PROGRAM:ld  PROJECT:ld64-305
configured to support archs: armv6 armv7 armv7s arm64 i386 x86_64 x86_64h armv6m armv7k armv7m armv7em (tvOS)
@(#)PROGRAM:ld  PROJECT:ld64-305
configured to support archs: armv6 armv7 armv7s arm64 i386 x86_64 x86_64h armv6m armv7k armv7m armv7em (tvOS)
Library search paths:
	/usr/local/Cellar/gcc/7.3.0/lib/gcc/7/gcc/x86_64-apple-darwin17.3.0/7.3.0
	/usr/local/Cellar/gcc/7.3.0/lib/gcc/7
	/usr/lib
	/usr/local/lib
Framework search paths:
	/Library/Frameworks/
	/System/Library/Frameworks/
 /usr/bin/nm -n CMakeFiles/cmTC_2862c.dir/CMakeCXXCompilerABI.cpp.o


Parsed CXX implicit link information from above output:
  link line regex: [^( *|.*[/\])(ld|CMAKE_LINK_STARTFILE-NOTFOUND|([^/\]+-)?ld|collect2)[^/\]*( |$)]
  ignore line: [Change Dir: /Users/lantian/Projects/Insouled_ChibiOS/cmake-build-debug/CMakeFiles/CMakeTmp]
  ignore line: []
  ignore line: [Run Build Command:"/usr/bin/make" "cmTC_2862c/fast"]
  ignore line: [/Library/Developer/CommandLineTools/usr/bin/make -f CMakeFiles/cmTC_2862c.dir/build.make CMakeFiles/cmTC_2862c.dir/build]
  ignore line: [Building CXX object CMakeFiles/cmTC_2862c.dir/CMakeCXXCompilerABI.cpp.o]
  ignore line: [/usr/local/bin/g++-7    -std=gnu++11 -o CMakeFiles/cmTC_2862c.dir/CMakeCXXCompilerABI.cpp.o -c /Applications/CLion.app/Contents/bin/cmake/share/cmake-3.9/Modules/CMakeCXXCompilerABI.cpp]
  ignore line: [Linking CXX executable cmTC_2862c]
  ignore line: [/Applications/CLion.app/Contents/bin/cmake/bin/cmake -E cmake_link_script CMakeFiles/cmTC_2862c.dir/link.txt --verbose=1]
  ignore line: [/usr/local/bin/g++-7    -Wl,-search_paths_first -Wl,-headerpad_max_install_names  -v -Wl,-v CMakeFiles/cmTC_2862c.dir/CMakeCXXCompilerABI.cpp.o  -o cmTC_2862c ]
  ignore line: [Using built-in specs.]
  ignore line: [COLLECT_GCC=/usr/local/bin/g++-7]
  ignore line: [COLLECT_LTO_WRAPPER=/usr/local/Cellar/gcc/7.3.0/libexec/gcc/x86_64-apple-darwin17.3.0/7.3.0/lto-wrapper]
  ignore line: [Target: x86_64-apple-darwin17.3.0]
  ignore line: [Configured with: ../configure --build=x86_64-apple-darwin17.3.0 --prefix=/usr/local/Cellar/gcc/7.3.0 --libdir=/usr/local/Cellar/gcc/7.3.0/lib/gcc/7 --enable-languages=c,c++,objc,obj-c++,fortran --program-suffix=-7 --with-gmp=/usr/local/opt/gmp --with-mpfr=/usr/local/opt/mpfr --with-mpc=/usr/local/opt/libmpc --with-isl=/usr/local/opt/isl --with-system-zlib --enable-checking=release --with-pkgversion='Homebrew GCC 7.3.0' --with-bugurl=https://github.com/Homebrew/homebrew-core/issues --disable-nls]
  ignore line: [Thread model: posix]
  ignore line: [gcc version 7.3.0 (Homebrew GCC 7.3.0) ]
  ignore line: [COMPILER_PATH=/usr/local/Cellar/gcc/7.3.0/libexec/gcc/x86_64-apple-darwin17.3.0/7.3.0/:/usr/local/Cellar/gcc/7.3.0/libexec/gcc/x86_64-apple-darwin17.3.0/7.3.0/:/usr/local/Cellar/gcc/7.3.0/libexec/gcc/x86_64-apple-darwin17.3.0/:/usr/local/Cellar/gcc/7.3.0/lib/gcc/7/gcc/x86_64-apple-darwin17.3.0/7.3.0/:/usr/local/Cellar/gcc/7.3.0/lib/gcc/7/gcc/x86_64-apple-darwin17.3.0/]
  ignore line: [LIBRARY_PATH=/usr/local/Cellar/gcc/7.3.0/lib/gcc/7/gcc/x86_64-apple-darwin17.3.0/7.3.0/:/usr/local/Cellar/gcc/7.3.0/lib/gcc/7/gcc/x86_64-apple-darwin17.3.0/7.3.0/../../../]
  ignore line: [COLLECT_GCC_OPTIONS='-v' '-o' 'cmTC_2862c' '-mmacosx-version-min=10.13.4' '-asm_macosx_version_min=10.13' '-shared-libgcc' '-mtune=core2']
  link line: [ /usr/local/Cellar/gcc/7.3.0/libexec/gcc/x86_64-apple-darwin17.3.0/7.3.0/collect2 -dynamic -arch x86_64 -macosx_version_min 10.13.4 -weak_reference_mismatches non-weak -o cmTC_2862c -L/usr/local/Cellar/gcc/7.3.0/lib/gcc/7/gcc/x86_64-apple-darwin17.3.0/7.3.0 -L/usr/local/Cellar/gcc/7.3.0/lib/gcc/7/gcc/x86_64-apple-darwin17.3.0/7.3.0/../../.. -search_paths_first -headerpad_max_install_names -v CMakeFiles/cmTC_2862c.dir/CMakeCXXCompilerABI.cpp.o -lstdc++ -no_compact_unwind -lSystem -lgcc_ext.10.5 -lgcc -lSystem -v]
    arg [/usr/local/Cellar/gcc/7.3.0/libexec/gcc/x86_64-apple-darwin17.3.0/7.3.0/collect2] ==> ignore
    arg [-dynamic] ==> ignore
    arg [-arch] ==> ignore
    arg [x86_64] ==> ignore
    arg [-macosx_version_min] ==> ignore
    arg [10.13.4] ==> ignore
    arg [-weak_reference_mismatches] ==> ignore
    arg [non-weak] ==> ignore
    arg [-o] ==> ignore
    arg [cmTC_2862c] ==> ignore
    arg [-L/usr/local/Cellar/gcc/7.3.0/lib/gcc/7/gcc/x86_64-apple-darwin17.3.0/7.3.0] ==> dir [/usr/local/Cellar/gcc/7.3.0/lib/gcc/7/gcc/x86_64-apple-darwin17.3.0/7.3.0]
    arg [-L/usr/local/Cellar/gcc/7.3.0/lib/gcc/7/gcc/x86_64-apple-darwin17.3.0/7.3.0/../../..] ==> dir [/usr/local/Cellar/gcc/7.3.0/lib/gcc/7/gcc/x86_64-apple-darwin17.3.0/7.3.0/../../..]
    arg [-search_paths_first] ==> ignore
    arg [-headerpad_max_install_names] ==> ignore
    arg [-v] ==> ignore
    arg [CMakeFiles/cmTC_2862c.dir/CMakeCXXCompilerABI.cpp.o] ==> ignore
    arg [-lstdc++] ==> lib [stdc++]
    arg [-no_compact_unwind] ==> ignore
    arg [-lSystem] ==> lib [System]
    arg [-lgcc_ext.10.5] ==> lib [gcc_ext.10.5]
    arg [-lgcc] ==> lib [gcc]
    arg [-lSystem] ==> lib [System]
    arg [-v] ==> ignore
  Library search paths: [;/usr/local/Cellar/gcc/7.3.0/lib/gcc/7/gcc/x86_64-apple-darwin17.3.0/7.3.0;/usr/local/Cellar/gcc/7.3.0/lib/gcc/7;/usr/lib;/usr/local/lib]
  Framework search paths: [;/Library/Frameworks/;/System/Library/Frameworks/]
  remove lib [System]
  remove lib [System]
  collapse library dir [/usr/local/Cellar/gcc/7.3.0/lib/gcc/7/gcc/x86_64-apple-darwin17.3.0/7.3.0] ==> [/usr/local/Cellar/gcc/7.3.0/lib/gcc/7/gcc/x86_64-apple-darwin17.3.0/7.3.0]
  collapse library dir [/usr/local/Cellar/gcc/7.3.0/lib/gcc/7/gcc/x86_64-apple-darwin17.3.0/7.3.0/../../..] ==> [/usr/local/Cellar/gcc/7.3.0/lib/gcc/7]
  collapse library dir [/usr/local/Cellar/gcc/7.3.0/lib/gcc/7/gcc/x86_64-apple-darwin17.3.0/7.3.0] ==> [/usr/local/Cellar/gcc/7.3.0/lib/gcc/7/gcc/x86_64-apple-darwin17.3.0/7.3.0]
  collapse library dir [/usr/local/Cellar/gcc/7.3.0/lib/gcc/7] ==> [/usr/local/Cellar/gcc/7.3.0/lib/gcc/7]
  collapse library dir [/usr/lib] ==> [/usr/lib]
  collapse library dir [/usr/local/lib] ==> [/usr/local/lib]
  collapse framework dir [/Library/Frameworks/] ==> [/Library/Frameworks]
  collapse framework dir [/System/Library/Frameworks/] ==> [/System/Library/Frameworks]
  implicit libs: [stdc++;gcc_ext.10.5;gcc]
  implicit dirs: [/usr/local/Cellar/gcc/7.3.0/lib/gcc/7/gcc/x86_64-apple-darwin17.3.0/7.3.0;/usr/local/Cellar/gcc/7.3.0/lib/gcc/7;/usr/lib;/usr/local/lib]
  implicit fwks: [/Library/Frameworks;/System/Library/Frameworks]




Detecting CXX [-std=c++1z] compiler features compiled with the following output:
Change Dir: /Users/lantian/Projects/Insouled_ChibiOS/cmake-build-debug/CMakeFiles/CMakeTmp

Run Build Command:"/usr/bin/make" "cmTC_5f1cb/fast"
/Library/Developer/CommandLineTools/usr/bin/make -f CMakeFiles/cmTC_5f1cb.dir/build.make CMakeFiles/cmTC_5f1cb.dir/build
Building CXX object CMakeFiles/cmTC_5f1cb.dir/feature_tests.cxx.o
/usr/local/bin/g++-7    -std=c++1z -std=gnu++11 -o CMakeFiles/cmTC_5f1cb.dir/feature_tests.cxx.o -c /Users/lantian/Projects/Insouled_ChibiOS/cmake-build-debug/CMakeFiles/feature_tests.cxx
Linking CXX executable cmTC_5f1cb
/Applications/CLion.app/Contents/bin/cmake/bin/cmake -E cmake_link_script CMakeFiles/cmTC_5f1cb.dir/link.txt --verbose=1
/usr/local/bin/g++-7    -Wl,-search_paths_first -Wl,-headerpad_max_install_names   CMakeFiles/cmTC_5f1cb.dir/feature_tests.cxx.o  -o cmTC_5f1cb 


    Feature record: CXX_FEATURE:0cxx_aggregate_default_initializers
    Feature record: CXX_FEATURE:1cxx_alias_templates
    Feature record: CXX_FEATURE:1cxx_alignas
    Feature record: CXX_FEATURE:1cxx_alignof
    Feature record: CXX_FEATURE:1cxx_attributes
    Feature record: CXX_FEATURE:0cxx_attribute_deprecated
    Feature record: CXX_FEATURE:1cxx_auto_type
    Feature record: CXX_FEATURE:0cxx_binary_literals
    Feature record: CXX_FEATURE:1cxx_constexpr
    Feature record: CXX_FEATURE:0cxx_contextual_conversions
    Feature record: CXX_FEATURE:1cxx_decltype
    Feature record: CXX_FEATURE:0cxx_decltype_auto
    Feature record: CXX_FEATURE:1cxx_decltype_incomplete_return_types
    Feature record: CXX_FEATURE:1cxx_default_function_template_args
    Feature record: CXX_FEATURE:1cxx_defaulted_functions
    Feature record: CXX_FEATURE:1cxx_defaulted_move_initializers
    Feature record: CXX_FEATURE:1cxx_delegating_constructors
    Feature record: CXX_FEATURE:1cxx_deleted_functions
    Feature record: CXX_FEATURE:0cxx_digit_separators
    Feature record: CXX_FEATURE:1cxx_enum_forward_declarations
    Feature record: CXX_FEATURE:1cxx_explicit_conversions
    Feature record: CXX_FEATURE:1cxx_extended_friend_declarations
    Feature record: CXX_FEATURE:1cxx_extern_templates
    Feature record: CXX_FEATURE:1cxx_final
    Feature record: CXX_FEATURE:1cxx_func_identifier
    Feature record: CXX_FEATURE:1cxx_generalized_initializers
    Feature record: CXX_FEATURE:0cxx_generic_lambdas
    Feature record: CXX_FEATURE:1cxx_inheriting_constructors
    Feature record: CXX_FEATURE:1cxx_inline_namespaces
    Feature record: CXX_FEATURE:1cxx_lambdas
    Feature record: CXX_FEATURE:0cxx_lambda_init_captures
    Feature record: CXX_FEATURE:1cxx_local_type_template_args
    Feature record: CXX_FEATURE:1cxx_long_long_type
    Feature record: CXX_FEATURE:1cxx_noexcept
    Feature record: CXX_FEATURE:1cxx_nonstatic_member_init
    Feature record: CXX_FEATURE:1cxx_nullptr
    Feature record: CXX_FEATURE:1cxx_override
    Feature record: CXX_FEATURE:1cxx_range_for
    Feature record: CXX_FEATURE:1cxx_raw_string_literals
    Feature record: CXX_FEATURE:1cxx_reference_qualified_functions
    Feature record: CXX_FEATURE:0cxx_relaxed_constexpr
    Feature record: CXX_FEATURE:0cxx_return_type_deduction
    Feature record: CXX_FEATURE:1cxx_right_angle_brackets
    Feature record: CXX_FEATURE:1cxx_rvalue_references
    Feature record: CXX_FEATURE:1cxx_sizeof_member
    Feature record: CXX_FEATURE:1cxx_static_assert
    Feature record: CXX_FEATURE:1cxx_strong_enums
    Feature record: CXX_FEATURE:1cxx_template_template_parameters
    Feature record: CXX_FEATURE:1cxx_thread_local
    Feature record: CXX_FEATURE:1cxx_trailing_return_types
    Feature record: CXX_FEATURE:1cxx_unicode_literals
    Feature record: CXX_FEATURE:1cxx_uniform_initialization
    Feature record: CXX_FEATURE:1cxx_unrestricted_unions
    Feature record: CXX_FEATURE:1cxx_user_literals
    Feature record: CXX_FEATURE:0cxx_variable_templates
    Feature record: CXX_FEATURE:1cxx_variadic_macros
    Feature record: CXX_FEATURE:1cxx_variadic_templates


Detecting CXX [-std=c++14] compiler features compiled with the following output:
Change Dir: /Users/lantian/Projects/Insouled_ChibiOS/cmake-build-debug/CMakeFiles/CMakeTmp

Run Build Command:"/usr/bin/make" "cmTC_ab911/fast"
/Library/Developer/CommandLineTools/usr/bin/make -f CMakeFiles/cmTC_ab911.dir/build.make CMakeFiles/cmTC_ab911.dir/build
Building CXX object CMakeFiles/cmTC_ab911.dir/feature_tests.cxx.o
/usr/local/bin/g++-7    -std=c++14 -std=gnu++11 -o CMakeFiles/cmTC_ab911.dir/feature_tests.cxx.o -c /Users/lantian/Projects/Insouled_ChibiOS/cmake-build-debug/CMakeFiles/feature_tests.cxx
Linking CXX executable cmTC_ab911
/Applications/CLion.app/Contents/bin/cmake/bin/cmake -E cmake_link_script CMakeFiles/cmTC_ab911.dir/link.txt --verbose=1
/usr/local/bin/g++-7    -Wl,-search_paths_first -Wl,-headerpad_max_install_names   CMakeFiles/cmTC_ab911.dir/feature_tests.cxx.o  -o cmTC_ab911 


    Feature record: CXX_FEATURE:0cxx_aggregate_default_initializers
    Feature record: CXX_FEATURE:1cxx_alias_templates
    Feature record: CXX_FEATURE:1cxx_alignas
    Feature record: CXX_FEATURE:1cxx_alignof
    Feature record: CXX_FEATURE:1cxx_attributes
    Feature record: CXX_FEATURE:0cxx_attribute_deprecated
    Feature record: CXX_FEATURE:1cxx_auto_type
    Feature record: CXX_FEATURE:0cxx_binary_literals
    Feature record: CXX_FEATURE:1cxx_constexpr
    Feature record: CXX_FEATURE:0cxx_contextual_conversions
    Feature record: CXX_FEATURE:1cxx_decltype
    Feature record: CXX_FEATURE:0cxx_decltype_auto
    Feature record: CXX_FEATURE:1cxx_decltype_incomplete_return_types
    Feature record: CXX_FEATURE:1cxx_default_function_template_args
    Feature record: CXX_FEATURE:1cxx_defaulted_functions
    Feature record: CXX_FEATURE:1cxx_defaulted_move_initializers
    Feature record: CXX_FEATURE:1cxx_delegating_constructors
    Feature record: CXX_FEATURE:1cxx_deleted_functions
    Feature record: CXX_FEATURE:0cxx_digit_separators
    Feature record: CXX_FEATURE:1cxx_enum_forward_declarations
    Feature record: CXX_FEATURE:1cxx_explicit_conversions
    Feature record: CXX_FEATURE:1cxx_extended_friend_declarations
    Feature record: CXX_FEATURE:1cxx_extern_templates
    Feature record: CXX_FEATURE:1cxx_final
    Feature record: CXX_FEATURE:1cxx_func_identifier
    Feature record: CXX_FEATURE:1cxx_generalized_initializers
    Feature record: CXX_FEATURE:0cxx_generic_lambdas
    Feature record: CXX_FEATURE:1cxx_inheriting_constructors
    Feature record: CXX_FEATURE:1cxx_inline_namespaces
    Feature record: CXX_FEATURE:1cxx_lambdas
    Feature record: CXX_FEATURE:0cxx_lambda_init_captures
    Feature record: CXX_FEATURE:1cxx_local_type_template_args
    Feature record: CXX_FEATURE:1cxx_long_long_type
    Feature record: CXX_FEATURE:1cxx_noexcept
    Feature record: CXX_FEATURE:1cxx_nonstatic_member_init
    Feature record: CXX_FEATURE:1cxx_nullptr
    Feature record: CXX_FEATURE:1cxx_override
    Feature record: CXX_FEATURE:1cxx_range_for
    Feature record: CXX_FEATURE:1cxx_raw_string_literals
    Feature record: CXX_FEATURE:1cxx_reference_qualified_functions
    Feature record: CXX_FEATURE:0cxx_relaxed_constexpr
    Feature record: CXX_FEATURE:0cxx_return_type_deduction
    Feature record: CXX_FEATURE:1cxx_right_angle_brackets
    Feature record: CXX_FEATURE:1cxx_rvalue_references
    Feature record: CXX_FEATURE:1cxx_sizeof_member
    Feature record: CXX_FEATURE:1cxx_static_assert
    Feature record: CXX_FEATURE:1cxx_strong_enums
    Feature record: CXX_FEATURE:1cxx_template_template_parameters
    Feature record: CXX_FEATURE:1cxx_thread_local
    Feature record: CXX_FEATURE:1cxx_trailing_return_types
    Feature record: CXX_FEATURE:1cxx_unicode_literals
    Feature record: CXX_FEATURE:1cxx_uniform_initialization
    Feature record: CXX_FEATURE:1cxx_unrestricted_unions
    Feature record: CXX_FEATURE:1cxx_user_literals
    Feature record: CXX_FEATURE:0cxx_variable_templates
    Feature record: CXX_FEATURE:1cxx_variadic_macros
    Feature record: CXX_FEATURE:1cxx_variadic_templates


Detecting CXX [-std=c++11] compiler features compiled with the following output:
Change Dir: /Users/lantian/Projects/Insouled_ChibiOS/cmake-build-debug/CMakeFiles/CMakeTmp

Run Build Command:"/usr/bin/make" "cmTC_f72db/fast"
/Library/Developer/CommandLineTools/usr/bin/make -f CMakeFiles/cmTC_f72db.dir/build.make CMakeFiles/cmTC_f72db.dir/build
Building CXX object CMakeFiles/cmTC_f72db.dir/feature_tests.cxx.o
/usr/local/bin/g++-7    -std=c++11 -std=gnu++11 -o CMakeFiles/cmTC_f72db.dir/feature_tests.cxx.o -c /Users/lantian/Projects/Insouled_ChibiOS/cmake-build-debug/CMakeFiles/feature_tests.cxx
Linking CXX executable cmTC_f72db
/Applications/CLion.app/Contents/bin/cmake/bin/cmake -E cmake_link_script CMakeFiles/cmTC_f72db.dir/link.txt --verbose=1
/usr/local/bin/g++-7    -Wl,-search_paths_first -Wl,-headerpad_max_install_names   CMakeFiles/cmTC_f72db.dir/feature_tests.cxx.o  -o cmTC_f72db 


    Feature record: CXX_FEATURE:0cxx_aggregate_default_initializers
    Feature record: CXX_FEATURE:1cxx_alias_templates
    Feature record: CXX_FEATURE:1cxx_alignas
    Feature record: CXX_FEATURE:1cxx_alignof
    Feature record: CXX_FEATURE:1cxx_attributes
    Feature record: CXX_FEATURE:0cxx_attribute_deprecated
    Feature record: CXX_FEATURE:1cxx_auto_type
    Feature record: CXX_FEATURE:0cxx_binary_literals
    Feature record: CXX_FEATURE:1cxx_constexpr
    Feature record: CXX_FEATURE:0cxx_contextual_conversions
    Feature record: CXX_FEATURE:1cxx_decltype
    Feature record: CXX_FEATURE:0cxx_decltype_auto
    Feature record: CXX_FEATURE:1cxx_decltype_incomplete_return_types
    Feature record: CXX_FEATURE:1cxx_default_function_template_args
    Feature record: CXX_FEATURE:1cxx_defaulted_functions
    Feature record: CXX_FEATURE:1cxx_defaulted_move_initializers
    Feature record: CXX_FEATURE:1cxx_delegating_constructors
    Feature record: CXX_FEATURE:1cxx_deleted_functions
    Feature record: CXX_FEATURE:0cxx_digit_separators
    Feature record: CXX_FEATURE:1cxx_enum_forward_declarations
    Feature record: CXX_FEATURE:1cxx_explicit_conversions
    Feature record: CXX_FEATURE:1cxx_extended_friend_declarations
    Feature record: CXX_FEATURE:1cxx_extern_templates
    Feature record: CXX_FEATURE:1cxx_final
    Feature record: CXX_FEATURE:1cxx_func_identifier
    Feature record: CXX_FEATURE:1cxx_generalized_initializers
    Feature record: CXX_FEATURE:0cxx_generic_lambdas
    Feature record: CXX_FEATURE:1cxx_inheriting_constructors
    Feature record: CXX_FEATURE:1cxx_inline_namespaces
    Feature record: CXX_FEATURE:1cxx_lambdas
    Feature record: CXX_FEATURE:0cxx_lambda_init_captures
    Feature record: CXX_FEATURE:1cxx_local_type_template_args
    Feature record: CXX_FEATURE:1cxx_long_long_type
    Feature record: CXX_FEATURE:1cxx_noexcept
    Feature record: CXX_FEATURE:1cxx_nonstatic_member_init
    Feature record: CXX_FEATURE:1cxx_nullptr
    Feature record: CXX_FEATURE:1cxx_override
    Feature record: CXX_FEATURE:1cxx_range_for
    Feature record: CXX_FEATURE:1cxx_raw_string_literals
    Feature record: CXX_FEATURE:1cxx_reference_qualified_functions
    Feature record: CXX_FEATURE:0cxx_relaxed_constexpr
    Feature record: CXX_FEATURE:0cxx_return_type_deduction
    Feature record: CXX_FEATURE:1cxx_right_angle_brackets
    Feature record: CXX_FEATURE:1cxx_rvalue_references
    Feature record: CXX_FEATURE:1cxx_sizeof_member
    Feature record: CXX_FEATURE:1cxx_static_assert
    Feature record: CXX_FEATURE:1cxx_strong_enums
    Feature record: CXX_FEATURE:1cxx_template_template_parameters
    Feature record: CXX_FEATURE:1cxx_thread_local
    Feature record: CXX_FEATURE:1cxx_trailing_return_types
    Feature record: CXX_FEATURE:1cxx_unicode_literals
    Feature record: CXX_FEATURE:1cxx_uniform_initialization
    Feature record: CXX_FEATURE:1cxx_unrestricted_unions
    Feature record: CXX_FEATURE:1cxx_user_literals
    Feature record: CXX_FEATURE:0cxx_variable_templates
    Feature record: CXX_FEATURE:1cxx_variadic_macros
    Feature record: CXX_FEATURE:1cxx_variadic_templates


Detecting CXX [-std=c++98] compiler features compiled with the following output:
Change Dir: /Users/lantian/Projects/Insouled_ChibiOS/cmake-build-debug/CMakeFiles/CMakeTmp

Run Build Command:"/usr/bin/make" "cmTC_18b10/fast"
/Library/Developer/CommandLineTools/usr/bin/make -f CMakeFiles/cmTC_18b10.dir/build.make CMakeFiles/cmTC_18b10.dir/build
Building CXX object CMakeFiles/cmTC_18b10.dir/feature_tests.cxx.o
/usr/local/bin/g++-7    -std=c++98 -std=gnu++11 -o CMakeFiles/cmTC_18b10.dir/feature_tests.cxx.o -c /Users/lantian/Projects/Insouled_ChibiOS/cmake-build-debug/CMakeFiles/feature_tests.cxx
Linking CXX executable cmTC_18b10
/Applications/CLion.app/Contents/bin/cmake/bin/cmake -E cmake_link_script CMakeFiles/cmTC_18b10.dir/link.txt --verbose=1
/usr/local/bin/g++-7    -Wl,-search_paths_first -Wl,-headerpad_max_install_names   CMakeFiles/cmTC_18b10.dir/feature_tests.cxx.o  -o cmTC_18b10 


    Feature record: CXX_FEATURE:0cxx_aggregate_default_initializers
    Feature record: CXX_FEATURE:1cxx_alias_templates
    Feature record: CXX_FEATURE:1cxx_alignas
    Feature record: CXX_FEATURE:1cxx_alignof
    Feature record: CXX_FEATURE:1cxx_attributes
    Feature record: CXX_FEATURE:0cxx_attribute_deprecated
    Feature record: CXX_FEATURE:1cxx_auto_type
    Feature record: CXX_FEATURE:0cxx_binary_literals
    Feature record: CXX_FEATURE:1cxx_constexpr
    Feature record: CXX_FEATURE:0cxx_contextual_conversions
    Feature record: CXX_FEATURE:1cxx_decltype
    Feature record: CXX_FEATURE:0cxx_decltype_auto
    Feature record: CXX_FEATURE:1cxx_decltype_incomplete_return_types
    Feature record: CXX_FEATURE:1cxx_default_function_template_args
    Feature record: CXX_FEATURE:1cxx_defaulted_functions
    Feature record: CXX_FEATURE:1cxx_defaulted_move_initializers
    Feature record: CXX_FEATURE:1cxx_delegating_constructors
    Feature record: CXX_FEATURE:1cxx_deleted_functions
    Feature record: CXX_FEATURE:0cxx_digit_separators
    Feature record: CXX_FEATURE:1cxx_enum_forward_declarations
    Feature record: CXX_FEATURE:1cxx_explicit_conversions
    Feature record: CXX_FEATURE:1cxx_extended_friend_declarations
    Feature record: CXX_FEATURE:1cxx_extern_templates
    Feature record: CXX_FEATURE:1cxx_final
    Feature record: CXX_FEATURE:1cxx_func_identifier
    Feature record: CXX_FEATURE:1cxx_generalized_initializers
    Feature record: CXX_FEATURE:0cxx_generic_lambdas
    Feature record: CXX_FEATURE:1cxx_inheriting_constructors
    Feature record: CXX_FEATURE:1cxx_inline_namespaces
    Feature record: CXX_FEATURE:1cxx_lambdas
    Feature record: CXX_FEATURE:0cxx_lambda_init_captures
    Feature record: CXX_FEATURE:1cxx_local_type_template_args
    Feature record: CXX_FEATURE:1cxx_long_long_type
    Feature record: CXX_FEATURE:1cxx_noexcept
    Feature record: CXX_FEATURE:1cxx_nonstatic_member_init
    Feature record: CXX_FEATURE:1cxx_nullptr
    Feature record: CXX_FEATURE:1cxx_override
    Feature record: CXX_FEATURE:1cxx_range_for
    Feature record: CXX_FEATURE:1cxx_raw_string_literals
    Feature record: CXX_FEATURE:1cxx_reference_qualified_functions
    Feature record: CXX_FEATURE:0cxx_relaxed_constexpr
    Feature record: CXX_FEATURE:0cxx_return_type_deduction
    Feature record: CXX_FEATURE:1cxx_right_angle_brackets
    Feature record: CXX_FEATURE:1cxx_rvalue_references
    Feature record: CXX_FEATURE:1cxx_sizeof_member
    Feature record: CXX_FEATURE:1cxx_static_assert
    Feature record: CXX_FEATURE:1cxx_strong_enums
    Feature record: CXX_FEATURE:1cxx_template_template_parameters
    Feature record: CXX_FEATURE:1cxx_thread_local
    Feature record: CXX_FEATURE:1cxx_trailing_return_types
    Feature record: CXX_FEATURE:1cxx_unicode_literals
    Feature record: CXX_FEATURE:1cxx_uniform_initialization
    Feature record: CXX_FEATURE:1cxx_unrestricted_unions
    Feature record: CXX_FEATURE:1cxx_user_literals
    Feature record: CXX_FEATURE:0cxx_variable_templates
    Feature record: CXX_FEATURE:1cxx_variadic_macros
    Feature record: CXX_FEATURE:1cxx_variadic_templates
